<?xml version="1.0" encoding="UTF-8"?>
<!-- Generated by org.testng.reporters.JUnitXMLReporter -->
<testsuite hostname="LAPTOP-PQIMIOOI" ignored="0" name="Test" tests="2" failures="1" timestamp="29 Jun 2018 03:15:46 GMT" time="217.179" errors="0">
  <testcase name="getdata" time="0.309" classname="com.ebay.Testcase.EbayRegister"/>
  <testcase name="register" time="177.787" classname="com.ebay.Testcase.EbayRegister">
    <failure type="org.openqa.selenium.NoSuchElementException" message="An element could not be located on the page using the given search parameters. (WARNING: The server did not provide any stacktrace information)
Command duration or timeout: 0 milliseconds
For documentation on this error, please visit: http://seleniumhq.org/exceptions/no_such_element.html
Build info: version: &amp;apos;3.7.0&amp;apos;, revision: &amp;apos;2321c73&amp;apos;, time: &amp;apos;2017-11-02T22:22:35.584Z&amp;apos;
System info: host: &amp;apos;LAPTOP-PQIMIOOI&amp;apos;, ip: &amp;apos;192.168.43.241&amp;apos;, os.name: &amp;apos;Windows 10&amp;apos;, os.arch: &amp;apos;amd64&amp;apos;, os.version: &amp;apos;10.0&amp;apos;, java.version: &amp;apos;1.8.0_121&amp;apos;
Driver info: org.openqa.selenium.remote.RemoteWebDriver
Capabilities {app: G:\Github\AppiumProject\com..., appActivity: com.ebay.mobile.activities...., appPackage: com.ebay.mobile, browserName: , databaseEnabled: false, desired: {app: G:\Github\AppiumProject\com..., appActivity: com.ebay.mobile.activities...., appPackage: com.ebay.mobile, browserName: , deviceName: Galaxy J5, platformName: Android, platformVersion: 6.0.1, resetKeyboard: true, unicodeKeyboard: true}, deviceName: dc5cde97, javascriptEnabled: true, locationContextEnabled: false, networkConnectionEnabled: true, platform: LINUX, platformName: LINUX, platformVersion: 6.0.1, resetKeyboard: true, takesScreenshot: true, unicodeKeyboard: true, warnings: {}, webStorageEnabled: false}
Session ID: 046fbdc6-b089-41cc-8b5e-43985e3ba9b0
*** Element info: {Using=xpath, value=//android.widget.Button[contains(@resource-id,&amp;apos;sbtBtn&amp;apos;)]}">
      <![CDATA[org.openqa.selenium.NoSuchElementException: An element could not be located on the page using the given search parameters. (WARNING: The server did not provide any stacktrace information)
Command duration or timeout: 0 milliseconds
For documentation on this error, please visit: http://seleniumhq.org/exceptions/no_such_element.html
Build info: version: '3.7.0', revision: '2321c73', time: '2017-11-02T22:22:35.584Z'
System info: host: 'LAPTOP-PQIMIOOI', ip: '192.168.43.241', os.name: 'Windows 10', os.arch: 'amd64', os.version: '10.0', java.version: '1.8.0_121'
Driver info: org.openqa.selenium.remote.RemoteWebDriver
Capabilities {app: G:\Github\AppiumProject\com..., appActivity: com.ebay.mobile.activities...., appPackage: com.ebay.mobile, browserName: , databaseEnabled: false, desired: {app: G:\Github\AppiumProject\com..., appActivity: com.ebay.mobile.activities...., appPackage: com.ebay.mobile, browserName: , deviceName: Galaxy J5, platformName: Android, platformVersion: 6.0.1, resetKeyboard: true, unicodeKeyboard: true}, deviceName: dc5cde97, javascriptEnabled: true, locationContextEnabled: false, networkConnectionEnabled: true, platform: LINUX, platformName: LINUX, platformVersion: 6.0.1, resetKeyboard: true, takesScreenshot: true, unicodeKeyboard: true, warnings: {}, webStorageEnabled: false}
Session ID: 046fbdc6-b089-41cc-8b5e-43985e3ba9b0
*** Element info: {Using=xpath, value=//android.widget.Button[contains(@resource-id,'sbtBtn')]}
at org.openqa.selenium.remote.ErrorHandler.createThrowable(ErrorHandler.java:214)
at org.openqa.selenium.remote.ErrorHandler.throwIfResponseFailed(ErrorHandler.java:166)
at org.openqa.selenium.remote.http.JsonHttpResponseCodec.reconstructValue(JsonHttpResponseCodec.java:40)
at org.openqa.selenium.remote.http.AbstractHttpResponseCodec.decode(AbstractHttpResponseCodec.java:80)
at org.openqa.selenium.remote.http.AbstractHttpResponseCodec.decode(AbstractHttpResponseCodec.java:44)
at org.openqa.selenium.remote.HttpCommandExecutor.execute(HttpCommandExecutor.java:164)
at org.openqa.selenium.remote.RemoteWebDriver.execute(RemoteWebDriver.java:600)
at org.openqa.selenium.remote.RemoteWebDriver.findElement(RemoteWebDriver.java:370)
at org.openqa.selenium.remote.RemoteWebDriver.findElementByXPath(RemoteWebDriver.java:472)
at org.openqa.selenium.By$ByXPath.findElement(By.java:361)
at org.openqa.selenium.remote.RemoteWebDriver.findElement(RemoteWebDriver.java:362)
at com.ebay.base.Base.click(Base.java:102)
at com.ebay.Testcase.EbayRegister.register(EbayRegister.java:81)
... Removed 29 stack frames]]>
    </failure>
  </testcase> <!-- register -->
</testsuite> <!-- Test -->
