<?xml version="1.0" encoding="UTF-8"?>
<!-- Generated by org.testng.reporters.JUnitXMLReporter -->
<testsuite hostname="LAPTOP-PQIMIOOI" ignored="0" name="Testing for ebay register" tests="2" failures="1" timestamp="29 Jun 2018 03:29:19 GMT" time="136.896" errors="0">
  <testcase name="getdata" time="0.299" classname="com.ebay.Testcase.EbayRegister"/>
  <testcase name="register" time="101.425" classname="com.ebay.Testcase.EbayRegister">
    <failure type="java.lang.AssertionError" message="expected [Hi Rashmi!] but found [Hi Rashmi! ]">
      <![CDATA[java.lang.AssertionError: expected [Hi Rashmi!] but found [Hi Rashmi! ]
at com.ebay.Testcase.EbayRegister.register(EbayRegister.java:85)
... Removed 31 stack frames]]>
    </failure>
  </testcase> <!-- register -->
</testsuite> <!-- Testing for ebay register -->
