<?xml version="1.0" encoding="UTF-8"?>
<testng-results skipped="0" failed="0" ignored="0" total="2" passed="2">
  <reporter-output>
  </reporter-output>
  <suite name="Default suite" duration-ms="70978" started-at="2018-06-23T10:13:39Z" finished-at="2018-06-23T10:14:50Z">
    <groups>
    </groups>
    <test name="Default test" duration-ms="70978" started-at="2018-06-23T10:13:39Z" finished-at="2018-06-23T10:14:50Z">
      <class name="com.ebay.Testcase.EbayRegister">
        <test-method status="PASS" signature="setUpdriver()[pri:0, instance:com.ebay.Testcase.EbayRegister@7fac631b]" name="setUpdriver" is-config="true" duration-ms="21338" started-at="2018-06-23T10:13:39Z" finished-at="2018-06-23T10:14:01Z">
          <reporter-output>
          </reporter-output>
        </test-method> <!-- setUpdriver -->
        <test-method status="PASS" signature="getdata()[pri:0, instance:com.ebay.Testcase.EbayRegister@7fac631b]" name="getdata" duration-ms="232" started-at="2018-06-23T10:14:01Z" finished-at="2018-06-23T10:14:01Z">
          <reporter-output>
          </reporter-output>
        </test-method> <!-- getdata -->
        <test-method status="PASS" signature="register()[pri:1, instance:com.ebay.Testcase.EbayRegister@7fac631b]" name="register" duration-ms="47440" started-at="2018-06-23T10:14:01Z" finished-at="2018-06-23T10:14:48Z">
          <reporter-output>
          </reporter-output>
        </test-method> <!-- register -->
        <test-method status="PASS" signature="terminatedriver()[pri:0, instance:com.ebay.Testcase.EbayRegister@7fac631b]" name="terminatedriver" is-config="true" duration-ms="1947" started-at="2018-06-23T10:14:48Z" finished-at="2018-06-23T10:14:50Z">
          <reporter-output>
          </reporter-output>
        </test-method> <!-- terminatedriver -->
      </class> <!-- com.ebay.Testcase.EbayRegister -->
    </test> <!-- Default test -->
  </suite> <!-- Default suite -->
</testng-results>
