<?xml version="1.0" encoding="UTF-8"?>
<testng-results skipped="0" failed="0" ignored="0" total="2" passed="2">
  <reporter-output>
  </reporter-output>
  <suite name="Suite" duration-ms="135450" started-at="2018-06-29T03:39:34Z" finished-at="2018-06-29T03:41:49Z">
    <groups>
    </groups>
    <test name="Testing for ebayregister" duration-ms="135450" started-at="2018-06-29T03:39:34Z" finished-at="2018-06-29T03:41:49Z">
      <class name="com.ebay.Testcase.EbayRegister">
        <test-method status="PASS" signature="setUpdriver()[pri:0, instance:com.ebay.Testcase.EbayRegister@7fac631b]" name="setUpdriver" is-config="true" duration-ms="36614" started-at="2018-06-29T03:39:34Z" finished-at="2018-06-29T03:40:10Z">
          <reporter-output>
          </reporter-output>
        </test-method> <!-- setUpdriver -->
        <test-method status="PASS" signature="getdata()[pri:0, instance:com.ebay.Testcase.EbayRegister@7fac631b]" name="getdata" duration-ms="280" started-at="2018-06-29T03:40:10Z" finished-at="2018-06-29T03:40:11Z">
          <reporter-output>
          </reporter-output>
        </test-method> <!-- getdata -->
        <test-method status="PASS" signature="register()[pri:1, instance:com.ebay.Testcase.EbayRegister@7fac631b]" name="register" duration-ms="98524" started-at="2018-06-29T03:40:11Z" finished-at="2018-06-29T03:41:49Z">
          <reporter-output>
          </reporter-output>
        </test-method> <!-- register -->
        <test-method status="PASS" signature="terminatedriver()[pri:0, instance:com.ebay.Testcase.EbayRegister@7fac631b]" name="terminatedriver" is-config="true" duration-ms="0" started-at="2018-06-29T03:41:49Z" finished-at="2018-06-29T03:41:49Z">
          <reporter-output>
          </reporter-output>
        </test-method> <!-- terminatedriver -->
      </class> <!-- com.ebay.Testcase.EbayRegister -->
    </test> <!-- Testing for ebayregister -->
  </suite> <!-- Suite -->
</testng-results>
